<?xml version="1.0" encoding="UTF-8"?>
<!-- Generated by org.testng.reporters.JUnitReportReporter -->
<testsuite hostname="urvish" name="com.esri.qa.test.GoogleSearchAppliance" tests="1" failures="0" timestamp="11 Dec 2015 18:21:02 GMT" time="10.626" errors="0">
  <testcase name="googleSearchTest" time="10.626" classname="com.esri.qa.test.GoogleSearchAppliance"/>
</testsuite>
